[    0.000000] Linux version 4.15.0-66-generic (buildd@lgw01-amd64-044) (gcc version 7.4.0 (Ubuntu 7.4.0-1ubuntu1~18.04.1)) #75-Ubuntu SMP Tue Oct 1 05:24:09 UTC 2019 (Ubuntu 4.15.0-66.75-generic 4.15.18)
[    0.000000] Command line: BOOT_IMAGE=/boot/vmlinuz-4.15.0-66-generic root=LABEL=cloudimg-rootfs ro console=tty1 console=ttyS0
[    0.000000] KERNEL supported cpus:
[    0.000000]   Intel GenuineIntel
[    0.000000]   AMD AuthenticAMD
[    0.000000]   Centaur CentaurHauls
[    0.000000] x86/fpu: Supporting XSAVE feature 0x001: 'x87 floating point registers'
[    0.000000] x86/fpu: Supporting XSAVE feature 0x002: 'SSE registers'
[    0.000000] x86/fpu: Supporting XSAVE feature 0x004: 'AVX registers'
[    0.000000] x86/fpu: xstate_offset[2]:  576, xstate_sizes[2]:  256
[    0.000000] x86/fpu: Enabled xstate features 0x7, context size is 832 bytes, using 'standard' format.
[    0.000000] e820: BIOS-provided physical RAM map:
[    0.000000] BIOS-e820: [mem 0x0000000000000000-0x000000000009fbff] usable
[    0.000000] BIOS-e820: [mem 0x000000000009fc00-0x000000000009ffff] reserved
[    0.000000] BIOS-e820: [mem 0x00000000000f0000-0x00000000000fffff] reserved
[    0.000000] BIOS-e820: [mem 0x0000000000100000-0x000000003ffeffff] usable
[    0.000000] BIOS-e820: [mem 0x000000003fff0000-0x000000003fffffff] ACPI data
[    0.000000] BIOS-e820: [mem 0x00000000fec00000-0x00000000fec00fff] reserved
[    0.000000] BIOS-e820: [mem 0x00000000fee00000-0x00000000fee00fff] reserved
[    0.000000] BIOS-e820: [mem 0x00000000fffc0000-0x00000000ffffffff] reserved
[    0.000000] NX (Execute Disable) protection: active
[    0.000000] SMBIOS 2.5 present.
[    0.000000] DMI: innotek GmbH VirtualBox/VirtualBox, BIOS VirtualBox 12/01/2006
[    0.000000] Hypervisor detected: KVM
[    0.000000] e820: last_pfn = 0x3fff0 max_arch_pfn = 0x400000000
[    0.000000] MTRR: Disabled
[    0.000000] x86/PAT: MTRRs disabled, skipping PAT initialization too.
[    0.000000] CPU MTRRs all blank - virtualized system.
[    0.000000] x86/PAT: Configuration [0-7]: WB  WT  UC- UC  WB  WT  UC- UC  
[    0.000000] found SMP MP-table at [mem 0x0009fff0-0x0009ffff]
[    0.000000] Scanning 1 areas for low memory corruption
[    0.000000] RAMDISK: [mem 0x35a8b000-0x36d3cfff]
[    0.000000] ACPI: Early table checksum verification disabled
[    0.000000] ACPI: RSDP 0x00000000000E0000 000024 (v02 VBOX  )
[    0.000000] ACPI: XSDT 0x000000003FFF0030 00003C (v01 VBOX   VBOXXSDT 00000001 ASL  00000061)
[    0.000000] ACPI: FACP 0x000000003FFF00F0 0000F4 (v04 VBOX   VBOXFACP 00000001 ASL  00000061)
[    0.000000] ACPI: DSDT 0x000000003FFF0470 0022EA (v02 VBOX   VBOXBIOS 00000002 INTL 20100528)
[    0.000000] ACPI: FACS 0x000000003FFF0200 000040
[    0.000000] ACPI: FACS 0x000000003FFF0200 000040
[    0.000000] ACPI: APIC 0x000000003FFF0240 00005C (v02 VBOX   VBOXAPIC 00000001 ASL  00000061)
[    0.000000] ACPI: SSDT 0x000000003FFF02A0 0001CC (v01 VBOX   VBOXCPUT 00000002 INTL 20100528)
[    0.000000] No NUMA configuration found
[    0.000000] Faking a node at [mem 0x0000000000000000-0x000000003ffeffff]
[    0.000000] NODE_DATA(0) allocated [mem 0x3ffc5000-0x3ffeffff]
[    0.000000] kvm-clock: cpu 0, msr 0:3ff44001, primary cpu clock
[    0.000000] kvm-clock: Using msrs 4b564d01 and 4b564d00
[    0.000000] kvm-clock: using sched offset of 3703593111 cycles
[    0.000000] clocksource: kvm-clock: mask: 0xffffffffffffffff max_cycles: 0x1cd42e4dffb, max_idle_ns: 881590591483 ns
[    0.000000] Zone ranges:
[    0.000000]   DMA      [mem 0x0000000000001000-0x0000000000ffffff]
[    0.000000]   DMA32    [mem 0x0000000001000000-0x000000003ffeffff]
[    0.000000]   Normal   empty
[    0.000000]   Device   empty
[    0.000000] Movable zone start for each node
[    0.000000] Early memory node ranges
[    0.000000]   node   0: [mem 0x0000000000001000-0x000000000009efff]
[    0.000000]   node   0: [mem 0x0000000000100000-0x000000003ffeffff]
[    0.000000] Reserved but unavailable: 98 pages
[    0.000000] Initmem setup node 0 [mem 0x0000000000001000-0x000000003ffeffff]
[    0.000000] ACPI: PM-Timer IO Port: 0x4008
[    0.000000] IOAPIC[0]: apic_id 2, version 32, address 0xfec00000, GSI 0-23
[    0.000000] ACPI: INT_SRC_OVR (bus 0 bus_irq 0 global_irq 2 dfl dfl)
[    0.000000] ACPI: INT_SRC_OVR (bus 0 bus_irq 9 global_irq 9 low level)
[    0.000000] Using ACPI (MADT) for SMP configuration information
[    0.000000] smpboot: Allowing 2 CPUs, 0 hotplug CPUs
[    0.000000] PM: Registered nosave memory: [mem 0x00000000-0x00000fff]
[    0.000000] PM: Registered nosave memory: [mem 0x0009f000-0x0009ffff]
[    0.000000] PM: Registered nosave memory: [mem 0x000a0000-0x000effff]
[    0.000000] PM: Registered nosave memory: [mem 0x000f0000-0x000fffff]
[    0.000000] e820: [mem 0x40000000-0xfebfffff] available for PCI devices
[    0.000000] Booting paravirtualized kernel on KVM
[    0.000000] clocksource: refined-jiffies: mask: 0xffffffff max_cycles: 0xffffffff, max_idle_ns: 7645519600211568 ns
[    0.000000] random: get_random_bytes called from start_kernel+0x99/0x4fd with crng_init=0
[    0.000000] setup_percpu: NR_CPUS:8192 nr_cpumask_bits:2 nr_cpu_ids:2 nr_node_ids:1
[    0.000000] percpu: Embedded 46 pages/cpu s151552 r8192 d28672 u1048576
[    0.000000] PV qspinlock hash table entries: 256 (order: 0, 4096 bytes)
[    0.000000] Built 1 zonelists, mobility grouping on.  Total pages: 257913
[    0.000000] Policy zone: DMA32
[    0.000000] Kernel command line: BOOT_IMAGE=/boot/vmlinuz-4.15.0-66-generic root=LABEL=cloudimg-rootfs ro console=tty1 console=ttyS0
[    0.000000] Memory: 983436K/1048120K available (12300K kernel code, 2481K rwdata, 4260K rodata, 2436K init, 2388K bss, 64684K reserved, 0K cma-reserved)
[    0.000000] SLUB: HWalign=64, Order=0-3, MinObjects=0, CPUs=2, Nodes=1
[    0.000000] Kernel/User page tables isolation: enabled
[    0.000000] ftrace: allocating 39306 entries in 154 pages
[    0.004000] Hierarchical RCU implementation.
[    0.004000] 	RCU restricting CPUs from NR_CPUS=8192 to nr_cpu_ids=2.
[    0.004000] 	Tasks RCU enabled.
[    0.004000] RCU: Adjusting geometry for rcu_fanout_leaf=16, nr_cpu_ids=2
[    0.004000] NR_IRQS: 524544, nr_irqs: 440, preallocated irqs: 16
[    0.004000] Console: colour VGA+ 80x25
[    0.004000] console [tty1] enabled
[    0.004000] console [ttyS0] enabled
[    0.004000] ACPI: Core revision 20170831
[    0.004000] ACPI: 2 ACPI AML tables successfully acquired and loaded
[    0.004000] APIC: Switch to symmetric I/O mode setup
[    0.004000] x2apic enabled
[    0.004000] Switched APIC routing to physical x2apic.
[    0.004000] ..TIMER: vector=0x30 apic1=0 pin1=2 apic2=-1 pin2=-1
[    0.004004] tsc: Detected 3092.840 MHz processor
[    0.005056] Calibrating delay loop (skipped) preset value.. 6185.68 BogoMIPS (lpj=12371360)
[    0.008006] pid_max: default: 32768 minimum: 301
[    0.009928] Security Framework initialized
[    0.012004] Yama: becoming mindful.
[    0.013055] AppArmor: AppArmor initialized
[    0.015432] Dentry cache hash table entries: 131072 (order: 8, 1048576 bytes)
[    0.016058] Inode-cache hash table entries: 65536 (order: 7, 524288 bytes)
[    0.017774] Mount-cache hash table entries: 2048 (order: 2, 16384 bytes)
[    0.020006] Mountpoint-cache hash table entries: 2048 (order: 2, 16384 bytes)
[    0.021690] Last level iTLB entries: 4KB 1024, 2MB 1024, 4MB 1024
[    0.022923] Last level dTLB entries: 4KB 1024, 2MB 1024, 4MB 1024, 1GB 4
[    0.024007] Spectre V1 : Mitigation: usercopy/swapgs barriers and __user pointer sanitization
[    0.026358] Spectre V2 : Mitigation: Full generic retpoline
[    0.028002] Spectre V2 : Spectre v2 / SpectreRSB mitigation: Filling RSB on context switch
[    0.029834] Speculative Store Bypass: Vulnerable
[    0.030754] MDS: Mitigation: Clear CPU buffers
[    0.032158] Freeing SMP alternatives memory: 36K
[    0.144082] smpboot: CPU0: Intel(R) Core(TM) i7-4770S CPU @ 3.10GHz (family: 0x6, model: 0x3c, stepping: 0x3)
[    0.146265] Performance Events: unsupported p6 CPU model 60 no PMU driver, software events only.
[    0.148000] Hierarchical SRCU implementation.
[    0.148472] NMI watchdog: Perf event create on CPU 0 failed with -2
[    0.149757] NMI watchdog: Perf NMI watchdog permanently disabled
[    0.151118] smp: Bringing up secondary CPUs ...
[    0.152100] x86: Booting SMP configuration:
[    0.153087] .... node  #0, CPUs:      #1
[    0.004000] kvm-clock: cpu 1, msr 0:3ff44041, secondary cpu clock
[    0.158392] smp: Brought up 1 node, 2 CPUs
[    0.158392] smpboot: Max logical packages: 1
[    0.160005] smpboot: Total of 2 processors activated (12371.36 BogoMIPS)
[    0.161748] devtmpfs: initialized
[    0.161748] x86/mm: Memory block size: 128MB
[    0.164123] evm: security.selinux
[    0.165006] evm: security.SMACK64
[    0.165907] evm: security.SMACK64EXEC
[    0.166930] evm: security.SMACK64TRANSMUTE
[    0.168003] evm: security.SMACK64MMAP
[    0.168777] evm: security.apparmor
[    0.169545] evm: security.ima
[    0.170174] evm: security.capability
[    0.171131] clocksource: jiffies: mask: 0xffffffff max_cycles: 0xffffffff, max_idle_ns: 7645041785100000 ns
[    0.172013] futex hash table entries: 512 (order: 3, 32768 bytes)
[    0.175210] pinctrl core: initialized pinctrl subsystem
[    0.176100] RTC time: 22:19:31, date: 11/10/19
[    0.180054] NET: Registered protocol family 16
[    0.181071] audit: initializing netlink subsys (disabled)
[    0.182186] audit: type=2000 audit(1573424376.565:1): state=initialized audit_enabled=0 res=1
[    0.184012] cpuidle: using governor ladder
[    0.185016] cpuidle: using governor menu
[    0.185965] ACPI: bus type PCI registered
[    0.187005] acpiphp: ACPI Hot Plug PCI Controller Driver version: 0.5
[    0.188104] PCI: Using configuration type 1 for base access
[    0.189250] HugeTLB registered 2.00 MiB page size, pre-allocated 0 pages
[    0.192069] ACPI: Added _OSI(Module Device)
[    0.193074] ACPI: Added _OSI(Processor Device)
[    0.194120] ACPI: Added _OSI(3.0 _SCP Extensions)
[    0.195072] ACPI: Added _OSI(Processor Aggregator Device)
[    0.196004] ACPI: Added _OSI(Linux-Dell-Video)
[    0.197274] ACPI: Added _OSI(Linux-Lenovo-NV-HDMI-Audio)
[    0.198394] ACPI: Added _OSI(Linux-HPI-Hybrid-Graphics)
[    0.200387] ACPI: Executed 1 blocks of module-level executable AML code
[    0.205684] ACPI: Interpreter enabled
[    0.206484] ACPI: (supports S0 S5)
[    0.207421] ACPI: Using IOAPIC for interrupt routing
[    0.208229] PCI: Using host bridge windows from ACPI; if necessary, use "pci=nocrs" and report a bug
[    0.210609] ACPI: Enabled 2 GPEs in block 00 to 07
[    0.218405] ACPI: PCI Root Bridge [PCI0] (domain 0000 [bus 00-ff])
[    0.219663] acpi PNP0A03:00: _OSC: OS supports [ASPM ClockPM Segments MSI]
[    0.220403] acpi PNP0A03:00: _OSC: not requesting OS control; OS requires [ExtendedConfig ASPM ClockPM MSI]
[    0.222454] acpi PNP0A03:00: fail to add MMCONFIG information, can't access extended PCI configuration space under this bridge.
[    0.224640] PCI host bridge to bus 0000:00
[    0.228004] pci_bus 0000:00: root bus resource [io  0x0000-0x0cf7 window]
[    0.229461] pci_bus 0000:00: root bus resource [io  0x0d00-0xffff window]
[    0.230981] pci_bus 0000:00: root bus resource [mem 0x000a0000-0x000bffff window]
[    0.232002] pci_bus 0000:00: root bus resource [mem 0x40000000-0xfdffffff window]
[    0.233805] pci_bus 0000:00: root bus resource [bus 00-ff]
[    0.238743] pci 0000:00:01.1: legacy IDE quirk: reg 0x10: [io  0x01f0-0x01f7]
[    0.240003] pci 0000:00:01.1: legacy IDE quirk: reg 0x14: [io  0x03f6]
[    0.241561] pci 0000:00:01.1: legacy IDE quirk: reg 0x18: [io  0x0170-0x0177]
[    0.244004] pci 0000:00:01.1: legacy IDE quirk: reg 0x1c: [io  0x0376]
[    0.261044] pci 0000:00:07.0: quirk: [io  0x4000-0x403f] claimed by PIIX4 ACPI
[    0.262638] pci 0000:00:07.0: quirk: [io  0x4100-0x410f] claimed by PIIX4 SMB
[    0.271404] ACPI: PCI Interrupt Link [LNKA] (IRQs 5 9 10 *11)
[    0.272271] ACPI: PCI Interrupt Link [LNKB] (IRQs 5 9 *10 11)
[    0.273502] ACPI: PCI Interrupt Link [LNKC] (IRQs 5 *9 10 11)
[    0.275026] ACPI: PCI Interrupt Link [LNKD] (IRQs 5 9 10 *11)
[    0.276436] SCSI subsystem initialized
[    0.277552] pci 0000:00:02.0: vgaarb: setting as boot VGA device
[    0.277552] pci 0000:00:02.0: vgaarb: VGA device added: decodes=io+mem,owns=io+mem,locks=none
[    0.280014] pci 0000:00:02.0: vgaarb: bridge control possible
[    0.281525] vgaarb: loaded
[    0.284049] ACPI: bus type USB registered
[    0.284942] usbcore: registered new interface driver usbfs
[    0.286112] usbcore: registered new interface driver hub
[    0.287319] usbcore: registered new device driver usb
[    0.288061] EDAC MC: Ver: 3.0.0
[    0.289034] PCI: Using ACPI for IRQ routing
[    0.289447] NetLabel: Initializing
[    0.292005] NetLabel:  domain hash size = 128
[    0.293267] NetLabel:  protocols = UNLABELED CIPSOv4 CALIPSO
[    0.294717] NetLabel:  unlabeled traffic allowed by default
[    0.296067] clocksource: Switched to clocksource kvm-clock
[    0.309833] VFS: Disk quotas dquot_6.6.0
[    0.310860] VFS: Dquot-cache hash table entries: 512 (order 0, 4096 bytes)
[    0.312913] AppArmor: AppArmor Filesystem Enabled
[    0.313953] pnp: PnP ACPI init
[    0.315761] pnp: PnP ACPI: found 3 devices
[    0.325881] clocksource: acpi_pm: mask: 0xffffff max_cycles: 0xffffff, max_idle_ns: 2085701024 ns
[    0.328081] NET: Registered protocol family 2
[    0.329325] TCP established hash table entries: 8192 (order: 4, 65536 bytes)
[    0.331587] TCP bind hash table entries: 8192 (order: 5, 131072 bytes)
[    0.335077] TCP: Hash tables configured (established 8192 bind 8192)
[    0.336513] UDP hash table entries: 512 (order: 2, 16384 bytes)
[    0.337692] UDP-Lite hash table entries: 512 (order: 2, 16384 bytes)
[    0.338976] NET: Registered protocol family 1
[    0.340093] pci 0000:00:00.0: Limiting direct PCI/PCI transfers
[    0.342290] pci 0000:00:01.0: Activating ISA DMA hang workarounds
[    0.344011] pci 0000:00:02.0: Video device with shadowed ROM at [mem 0x000c0000-0x000dffff]
[    0.346108] Unpacking initramfs...
[    0.620633] Freeing initrd memory: 19144K
[    0.621719] clocksource: tsc: mask: 0xffffffffffffffff max_cycles: 0x2c94dc1ce7d, max_idle_ns: 440795323863 ns
[    0.623844] platform rtc_cmos: registered platform RTC device (no PNP device found)
[    0.625450] Scanning for low memory corruption every 60 seconds
[    0.627123] Initialise system trusted keyrings
[    0.628051] Key type blacklist registered
[    0.628964] workingset: timestamp_bits=36 max_order=18 bucket_order=0
[    0.631083] zbud: loaded
[    0.632029] squashfs: version 4.0 (2009/01/31) Phillip Lougher
[    0.633543] fuse init (API version 7.26)
[    0.636866] Key type asymmetric registered
[    0.637886] Asymmetric key parser 'x509' registered
[    0.638885] Block layer SCSI generic (bsg) driver version 0.4 loaded (major 246)
[    0.640488] io scheduler noop registered
[    0.641402] io scheduler deadline registered
[    0.642328] io scheduler cfq registered (default)
[    0.643659] ACPI: AC Adapter [AC] (on-line)
[    0.644777] input: Power Button as /devices/LNXSYSTM:00/LNXPWRBN:00/input/input0
[    0.646289] ACPI: Power Button [PWRF]
[    0.647124] input: Sleep Button as /devices/LNXSYSTM:00/LNXSLPBN:00/input/input1
[    0.648973] ACPI: Sleep Button [SLPF]
[    0.650125] Serial: 8250/16550 driver, 32 ports, IRQ sharing enabled
[    0.672425] 00:02: ttyS0 at I/O 0x3f8 (irq = 4, base_baud = 115200) is a 16550A
[    0.677637] Linux agpgart interface v0.103
[    0.679873] loop: module loaded
[    0.681176] scsi host0: ata_piix
[    0.682017] scsi host1: ata_piix
[    0.682767] ata1: PATA max UDMA/33 cmd 0x1f0 ctl 0x3f6 bmdma 0xd000 irq 14
[    0.684163] ata2: PATA max UDMA/33 cmd 0x170 ctl 0x376 bmdma 0xd008 irq 15
[    0.686540] libphy: Fixed MDIO Bus: probed
[    0.687687] tun: Universal TUN/TAP device driver, 1.6
[    0.689007] PPP generic driver version 2.4.2
[    0.690023] ehci_hcd: USB 2.0 'Enhanced' Host Controller (EHCI) Driver
[    0.691253] ehci-pci: EHCI PCI platform driver
[    0.692116] ehci-platform: EHCI generic platform driver
[    0.693201] ohci_hcd: USB 1.1 'Open' Host Controller (OHCI) Driver
[    0.694424] ohci-pci: OHCI PCI platform driver
[    0.695415] ohci-platform: OHCI generic platform driver
[    0.696640] uhci_hcd: USB Universal Host Controller Interface driver
[    0.698094] i8042: PNP: PS/2 Controller [PNP0303:PS2K,PNP0f03:PS2M] at 0x60,0x64 irq 1,12
[    0.700177] serio: i8042 KBD port at 0x60,0x64 irq 1
[    0.701250] serio: i8042 AUX port at 0x60,0x64 irq 12
[    0.702794] mousedev: PS/2 mouse device common for all mice
[    0.704616] input: AT Translated Set 2 keyboard as /devices/platform/i8042/serio0/input/input2
[    0.707265] rtc_cmos rtc_cmos: rtc core: registered rtc_cmos as rtc0
[    0.708787] rtc_cmos rtc_cmos: alarms up to one day, 114 bytes nvram
[    0.710195] i2c /dev entries driver
[    0.710960] device-mapper: uevent: version 1.0.3
[    0.711989] device-mapper: ioctl: 4.37.0-ioctl (2017-09-20) initialised: dm-devel@redhat.com
[    0.714031] ledtrig-cpu: registered to indicate activity on CPUs
[    0.715581] NET: Registered protocol family 10
[    0.720614] Segment Routing with IPv6
[    0.721441] NET: Registered protocol family 17
[    0.722469] Key type dns_resolver registered
[    0.723613] mce: Using 0 MCE banks
[    0.724365] RAS: Correctable Errors collector initialized.
[    0.725420] sched_clock: Marking stable (724350925, 0)->(909663570, -185312645)
[    0.728582] registered taskstats version 1
[    0.729476] Loading compiled-in X.509 certificates
[    0.732533] Loaded X.509 cert 'Build time autogenerated kernel key: 01a66adcc10ca4ce7676a3458c33483b0e2b806e'
[    0.734704] zswap: loaded using pool lzo/zbud
[    0.743058] Key type big_key registered
[    0.743818] Key type trusted registered
[    0.746419] Key type encrypted registered
[    0.747341] AppArmor: AppArmor sha1 policy hashing enabled
[    0.748693] ima: No TPM chip found, activating TPM-bypass! (rc=-19)
[    0.750180] ima: Allocated hash algorithm: sha1
[    0.751127] evm: HMAC attrs: 0x1
[    0.752086]   Magic number: 11:388:350
[    0.752937] rtc_cmos rtc_cmos: setting system clock to 2019-11-10 22:19:31 UTC (1573424371)
[    0.754687] BIOS EDD facility v0.16 2004-Jun-25, 0 devices found
[    0.756645] EDD information not available.
[    0.846110] Freeing unused kernel image memory: 2436K
[    0.869897] Write protecting the kernel read-only data: 20480k
[    0.871996] Freeing unused kernel image memory: 2008K
[    0.873785] Freeing unused kernel image memory: 1884K
[    0.880255] x86/mm: Checked W+X mappings: passed, no W+X pages found.
[    0.881555] x86/mm: Checking user space page tables
[    0.887306] x86/mm: Checked W+X mappings: passed, no W+X pages found.
Loading, please wait...
starting version 237
[    0.945003] Fusion MPT base driver 3.04.20
[    0.946136] Copyright (c) 1999-2008 LSI Corporation
[    0.949378] e1000: Intel(R) PRO/1000 Network Driver - version 7.3.21-k8-NAPI
[    0.951276] e1000: Copyright (c) 1999-2006 Intel Corporation.
[    0.953824] Fusion MPT SPI Host driver 3.04.20
[    0.959616] mptbase: ioc0: Initiating bringup
[    0.975470] AVX2 version of gcm_enc/dec engaged.
[    0.977194] AES CTR mode by8 optimization enabled
[    1.069773] ioc0: LSI53C1030 A0: Capabilities={Initiator}
[    1.169226] input: ImExPS/2 Generic Explorer Mouse as /devices/platform/i8042/serio1/input/input4
[    1.702814] scsi host2: ioc0: LSI53C1030 A0, FwRev=00000000h, Ports=1, MaxQ=256, IRQ=20
[    2.241249] scsi 2:0:0:0: Direct-Access     VBOX     HARDDISK         1.0  PQ: 0 ANSI: 5
[    2.268866] scsi target2:0:0: Beginning Domain Validation
[    2.273358] scsi target2:0:0: Domain Validation skipping write tests
[    2.274705] scsi target2:0:0: Ending Domain Validation
[    2.275978] scsi target2:0:0: asynchronous
[    2.277337] scsi 2:0:1:0: Direct-Access     VBOX     HARDDISK         1.0  PQ: 0 ANSI: 5
[    2.608910] scsi target2:0:1: Beginning Domain Validation
[    2.612327] random: fast init done
[    2.613513] scsi target2:0:1: Domain Validation skipping write tests
[    2.615139] scsi target2:0:1: Ending Domain Validation
[    2.616548] scsi target2:0:1: asynchronous
[    2.621168] random: systemd-udevd: uninitialized urandom read (16 bytes read)
[    2.622820] random: systemd-udevd: uninitialized urandom read (16 bytes read)
[    2.624221] random: systemd-udevd: uninitialized urandom read (16 bytes read)
[    2.625961] sd 2:0:0:0: Attached scsi generic sg0 type 0
[    2.626245] sd 2:0:0:0: [sda] 20971520 512-byte logical blocks: (10.7 GB/10.0 GiB)
[    2.627322] sd 2:0:1:0: Attached scsi generic sg1 type 0
[    2.629000] sd 2:0:0:0: [sda] Write Protect is off
[    2.631301] sd 2:0:1:0: [sdb] 20480 512-byte logical blocks: (10.5 MB/10.0 MiB)
[    2.631583] sd 2:0:0:0: [sda] Incomplete mode parameter data
[    2.635285] sd 2:0:0:0: [sda] Assuming drive cache: write through
[    2.635299] sd 2:0:1:0: [sdb] Write Protect is off
[    2.638725] sd 2:0:1:0: [sdb] Incomplete mode parameter data
[    2.639707]  sda: sda1
[    2.640441] sd 2:0:1:0: [sdb] Assuming drive cache: write through
[    2.644352] sd 2:0:1:0: [sdb] Attached SCSI disk
[    2.653025] sd 2:0:0:0: [sda] Attached SCSI disk
[    2.655192] e1000 0000:00:03.0 eth0: (PCI:33MHz:32-bit) 02:7c:06:17:a1:8b
[    2.656778] e1000 0000:00:03.0 eth0: Intel(R) PRO/1000 Network Connection
[    2.659867] e1000 0000:00:03.0 enp0s3: renamed from eth0
Begin: Loading essential drivers ... [    4.068331] raid6: sse2x1   gen() 11612 MB/s
[    4.117052] raid6: sse2x1   xor()  7734 MB/s
[    4.164247] raid6: sse2x2   gen() 12686 MB/s
[    4.212228] raid6: sse2x2   xor()  7822 MB/s
[    4.261665] raid6: sse2x4   gen() 14685 MB/s
[    4.308707] raid6: sse2x4   xor()  8646 MB/s
[    4.356119] raid6: avx2x1   gen() 21615 MB/s
[    4.404173] raid6: avx2x1   xor() 15646 MB/s
[    4.452017] raid6: avx2x2   gen() 24385 MB/s
[    4.502996] raid6: avx2x2   xor() 17787 MB/s
[    4.555880] raid6: avx2x4   gen() 34312 MB/s
[    4.606279] raid6: avx2x4   xor() 20964 MB/s
[    4.607504] raid6: using algorithm avx2x4 gen() 34312 MB/s
[    4.608773] raid6: .... xor() 20964 MB/s, rmw enabled
[    4.610134] raid6: using avx2x2 recovery algorithm
[    4.612517] xor: automatically using best checksumming function   avx       
[    4.615294] async_tx: api initialized (async)
done.
Begin: Running /scripts/init-premount ... done.
Begin: Mounting root file system ... Begin: Running /scripts/local-top ... done.
Begin: Running /scripts/local-premount ... [    4.654171] Btrfs loaded, crc32c=crc32c-intel
Scanning for Btrfs filesystems
done.
Warning: fsck not present, so skipping root file system
[    4.678410] EXT4-fs (sda1): mounted filesystem with ordered data mode. Opts: (null)
done.
Begin: Running /scripts/local-bottom ... done.
Begin: Running /scripts/init-bottom ... done.
[    4.805361] ip_tables: (C) 2000-2006 Netfilter Core Team
[    4.817325] systemd[1]: systemd 237 running in system mode. (+PAM +AUDIT +SELINUX +IMA +APPARMOR +SMACK +SYSVINIT +UTMP +LIBCRYPTSETUP +GCRYPT +GNUTLS +ACL +XZ +LZ4 +SECCOMP +BLKID +ELFUTILS +KMOD -IDN2 +IDN -PCRE2 default-hierarchy=hybrid)
[    4.821887] systemd[1]: Detected virtualization oracle.
[    4.822996] systemd[1]: Detected architecture x86-64.

Welcome to [1mUbuntu 18.04.3 LTS[0m!

[    4.832187] systemd[1]: Set hostname to <ubuntu>.
[    4.840331] systemd[1]: Initializing machine ID from random generator.
[    4.841718] systemd[1]: Installed transient /etc/machine-id file.
[    5.012780] systemd[1]: Set up automount Arbitrary Executable File Formats File System Automount Point.
[[0;32m  OK  [0m] Set up automount Arbitrary Executab…rmats File System Automount Point.
[    5.019062] systemd[1]: Created slice System Slice.
[[0;32m  OK  [0m] Created slice System Slice.
[    5.021286] systemd[1]: Listening on udev Kernel Socket.
[[0;32m  OK  [0m] Listening on udev Kernel Socket.
[    5.023795] systemd[1]: Listening on Syslog Socket.
[[0;32m  OK  [0m] Listening on Syslog Socket.
[[0;32m  OK  [0m] Listening on LVM2 metadata daemon socket.
[[0;32m  OK  [0m] Listening on Journal Socket (/dev/log).
[[0;32m  OK  [0m] Listening on Journal Audit Socket.
[[0;32m  OK  [0m] Listening on udev Control Socket.
[[0;32m  OK  [0m] Listening on Journal Socket.
         Mounting Huge Pages File System...
         Starting Create list of required st…ce nodes for the current kernel...
         Starting Remount Root and Kernel File Systems...
         Starting Set the console keyboard layout...
         Starting udev Coldplug all Devices...
[[0;32m  OK  [0m] Reached target User and Group Name Lookups.
[[0;32m  OK  [0m] Listening on LVM2 poll daemon socket.
         Starting Uncomplicated firewall...
[    5.060539] EXT4-fs (sda1): re-mounted. Opts: (null)
         Starting Load Kernel Modules...
[    5.088440] Loading iSCSI transport class v2.0-870.
[[0;32m  OK  [0m] Created slice system-serial\x2dgetty.slice.
[[0;32m  OK  [0m] Listening on Device-mapper event daemon FIFOs.
         Starting Monitoring of LVM2 mirrors…ng dmeventd or progress polling...
         Mounting Kernel Debug File System...[    5.095568] iscsi: registered transport (tcp)

[[0;32m  OK  [0m] Reached target System Time Synchronized.
[[0;32m  OK  [0m] Reached target Swap.
         Starting Journal Service...
[    5.124095] iscsi: registered transport (iser)
         Mounting POSIX Message Queue File System...
[[0;32m  OK  [0m] Listening on Network Service Netlink Socket.
[[0;32m  OK  [0m] Listening on /dev/initctl Compatibility Named Pipe.
[[0;32m  OK  [0m] Created slice User and Session Slice.
[[0;32m  OK  [0m] Reached target Slices.
[[0;32m  OK  [0m] Started Forward Password Requests to Wall Directory Watch.
[[0;32m  OK  [0m] Mounted Huge Pages File System.
[[0;32m  OK  [0m] Started Create list of required sta…vice nodes for the current kernel.
[[0;32m  OK  [0m] Started Remount Root and Kernel File Systems.
[[0;32m  OK  [0m] Started Uncomplicated firewall.
[[0;32m  OK  [0m] Started Journal Service.
[[0;32m  OK  [0m] Started Load Kernel Modules.
[[0;32m  OK  [0m] Mounted Kernel Debug File System.
[[0;32m  OK  [0m] Mounted POSIX Message Queue File System.
[[0;32m  OK  [0m] Started LVM2 metadata daemon.
         Starting Apply Kernel Variables...
         Mounting Kernel Configuration File System...
         Mounting FUSE Control File System...
         Starting Load/Save Random Seed...
         Starting Flush Journal to Persistent Storage...
         Starting Create Static Device Nodes in /dev...
[[0;32m  OK  [0m] Started Monitoring of LVM2 mirrors,…sing dmeventd or progress polling.
[[0;32m  OK  [0m] Started udev Coldplug all Devices.
[[0;32m  OK  [0m] Started Apply Kernel Variables.
[[0;32m  OK  [0m] Mounted Kernel Configuration File System.
[[0;32m  OK  [0m] Mounted FUSE Control File System.
[[0;32m  OK  [0m] Started Load/Save Random Seed.
[[0;32m  OK  [0m] Started Create Static Device Nodes in /dev.
         Starting udev Kernel Device Manager...
[[0;32m  OK  [0m] Started Flush Journal to Persistent Storage.
[[0;32m  OK  [0m] Started udev Kernel Device Manager.
[[0;32m  OK  [0m] Found device /dev/ttyS0.
[[0;32m  OK  [0m] Listening on Load/Save RF Kill Switch Status /dev/rfkill Watch.
[[0;32m  OK  [0m] Started Set the console keyboard layout.
[[0;32m  OK  [0m] Reached target Local File Systems (Pre).
[[0;32m  OK  [0m] Reached target Local File Systems.
         Starting Commit a transient machine-id on disk...
         Starting Tell Plymouth To Write Out Runtime Data...
         Starting Set console font and keymap...
         Starting Create Volatile Files and Directories...
         Starting AppArmor initialization...
         Starting ebtables ruleset management...
[[0;32m  OK  [0m] Started Dispatch Password Requests to Console Directory Watch.
[[0;32m  OK  [0m] Reached target Local Encrypted Volumes.
[[0;32m  OK  [0m] Started Tell Plymouth To Write Out Runtime Data.
[[0;32m  OK  [0m] Started Set console font and keymap.
[[0;32m  OK  [0m] Started Create Volatile Files and Directories.
         Starting Update UTMP about System Boot/Shutdown...
[[0;32m  OK  [0m] Started Commit a transient machine-id on disk.
[[0;32m  OK  [0m] Started Update UTMP about System Boot/Shutdown.
[[0;32m  OK  [0m] Started ebtables ruleset management.
[[0;32m  OK  [0m] Started AppArmor initialization.
         Starting Initial cloud-init job (pre-networking)...
[    7.508641] cloud-init[669]: Cloud-init v. 19.2-36-g059d049c-0ubuntu2~18.04.1 running 'init-local' at Sun, 10 Nov 2019 22:19:37 +0000. Up 7.20 seconds.
[[0;32m  OK  [0m] Started Initial cloud-init job (pre-networking).
[[0;32m  OK  [0m] Reached target Network (Pre).
         Starting Network Service...
[[0;32m  OK  [0m] Started Network Service.
         Starting Network Name Resolution...
         Starting Wait for Network to be Configured...
[[0;32m  OK  [0m] Started Network Name Resolution.
[[0;32m  OK  [0m] Reached target Host and Network Name Lookups.
[[0;32m  OK  [0m] Reached target Network.
[[0;32m  OK  [0m] Started Wait for Network to be Configured.
         Starting Initial cloud-init job (metadata service crawler)...
[    9.250984] cloud-init[773]: Cloud-init v. 19.2-36-g059d049c-0ubuntu2~18.04.1 running 'init' at Sun, 10 Nov 2019 22:19:39 +0000. Up 9.13 seconds.
[    9.252968] cloud-init[773]: ci-info: +++++++++++++++++++++++++++++++++++++Net device info++++++++++++++++++++++++++++++++++++++
[    9.254958] cloud-init[773]: ci-info: +--------+------+---------------------------+---------------+--------+-------------------+
[    9.257831] cloud-init[773]: ci-info: | Device |  Up  |          Address          |      Mask     | Scope  |     Hw-Address    |
[    9.259762] cloud-init[773]: ci-info: +--------+------+---------------------------+---------------+--------+-------------------+
[    9.262868] cloud-init[773]: ci-info: | enp0s3 | True |         10.0.2.15         | 255.255.255.0 | global | 02:7c:06:17:a1:8b |
[    9.264916] cloud-init[773]: ci-info: | enp0s3 | True | fe80::7c:6ff:fe17:a18b/64 |       .       |  link  | 02:7c:06:17:a1:8b |
[    9.267277] cloud-init[773]: ci-info: |   lo   | True |         127.0.0.1         |   255.0.0.0   |  host  |         .         |
[    9.269475] cloud-init[773]: ci-info: |   lo   | True |          ::1/128          |       .       |  host  |         .         |
[    9.272332] cloud-init[773]: ci-info: +--------+------+---------------------------+---------------+--------+-------------------+
[    9.284487] cloud-init[773]: ci-info: ++++++++++++++++++++++++++++Route IPv4 info+++++++++++++++++++++++++++++
[    9.286271] cloud-init[773]: ci-info: +-------+-------------+----------+-----------------+-----------+-------+
[    9.288380] cloud-init[773]: ci-info: | Route | Destination | Gateway  |     Genmask     | Interface | Flags |
[    9.290167] cloud-init[773]: ci-info: +-------+-------------+----------+-----------------+-----------+-------+
[    9.292368] cloud-init[773]: ci-info: |   0   |   0.0.0.0   | 10.0.2.2 |     0.0.0.0     |   enp0s3  |   UG  |
[    9.294256] cloud-init[773]: ci-info: |   1   |   10.0.2.0  | 0.0.0.0  |  255.255.255.0  |   enp0s3  |   U   |
[    9.295861] cloud-init[773]: ci-info: |   2   |   10.0.2.2  | 0.0.0.0  | 255.255.255.255 |   enp0s3  |   UH  |
[    9.297359] cloud-init[773]: ci-info: +-------+-------------+----------+-----------------+-----------+-------+
[    9.299241] cloud-init[773]: ci-info: +++++++++++++++++++Route IPv6 info+++++++++++++++++++
[    9.300851] cloud-init[773]: ci-info: +-------+-------------+---------+-----------+-------+
[    9.303457] cloud-init[773]: ci-info: | Route | Destination | Gateway | Interface | Flags |
[    9.305266] cloud-init[773]: ci-info: +-------+-------------+---------+-----------+-------+
[    9.307117] cloud-init[773]: ci-info: |   1   |  fe80::/64  |    ::   |   enp0s3  |   U   |
[    9.309304] cloud-init[773]: ci-info: |   3   |    local    |    ::   |   enp0s3  |   U   |
[    9.311104] cloud-init[773]: ci-info: |   4   |   ff00::/8  |    ::   |   enp0s3  |   U   |
[    9.312733] cloud-init[773]: ci-info: +-------+-------------+---------+-----------+-------+
[    9.883140] cloud-init[773]: Generating public/private rsa key pair.
[    9.884298] cloud-init[773]: Your identification has been saved in /etc/ssh/ssh_host_rsa_key.
[    9.885621] cloud-init[773]: Your public key has been saved in /etc/ssh/ssh_host_rsa_key.pub.
[    9.887428] cloud-init[773]: The key fingerprint is:
[    9.888405] cloud-init[773]: SHA256:XIXtxhdjdjyu3rkpiHfoJQelPnxZmzrG4scfwk7RjjM root@ubuntu-bionic
[    9.889910] cloud-init[773]: The key's randomart image is:
[    9.900604] cloud-init[773]: +---[RSA 2048]----+
[    9.901990] cloud-init[773]: |           o.  . |
[    9.903032] cloud-init[773]: |          ... =.o|
[    9.904191] cloud-init[773]: |          .o +.+.|
[    9.916765] cloud-init[773]: |       . .  * o. |
[    9.918137] cloud-init[773]: |        S  + o.o |
[    9.920260] cloud-init[773]: |          o o.* o|
[    9.933111] cloud-init[773]: |          .=*E.=.|
[[0;32m  OK  [0m] Started Initial cloud-init job (metadata service crawler).
[[0;32m  OK  [0m] Reached target Network is Online.
[    9.951374] cloud-init[773]: |         . =OX=oo|
[[0;32m  OK  [0m] Reached target Remote File Systems (Pre).
[[0;32m  OK  [0m] Reached target Remote File Systems.
[    9.966131] cloud-init[773]: |          +o=o++.|
         Starting Availability of block devices...
[    9.989632] [[0;32m  OK  [0m] Reached target Cloud-config availability.
[[0;32m  OK  [0m] Reached target System Initialization.
[[0;32m  OK  [0m] Started ACPI Events Check.
cloud-init[773]: +----[SHA256]-----+
[    9.992774] [cloud-init[0;32m  OK  [0m[773]: ] Generating public/private dsa key pair.Started Message of the Day.

[    9.994003] [[0;32m  OK  [0m] Reached target Paths.
cloud-init[773]: Your identification has been saved in /etc/ssh/ssh_host_dsa_key.
         Starting LXD - unix socket.
[[0;32m  OK  [0m] Started Discard unused blocks once a week.
[[0;32m  OK  [0m] Listening on UUID daemon activation socket.
[[0;32m  OK  [0m] Listening on D-Bus System Message Bus Socket.
[[0;32m  OK  [0m] Started Daily apt download activities.
[[0;32m  OK  [0m] Started Daily apt upgrade and clean activities.
[[0;32m  OK  [0m] Started Daily Cleanup of Temporary Directories.
[[0;32m  OK  [0m] Reached target Timers.
[[0;32m  OK  [0m] Listening on ACPID Listen Socket.
[[0;32m  OK  [0m] Listening on Open-iSCSI iscsid Socket.
[   10.000529] cloud-init[773]:          Your public key has been saved in /etc/ssh/ssh_host_dsa_key.pub.Starting Socket activation for snappy daemon.

[[0;32m  OK  [0m] Started Availability of block devices.
[   10.012118] [[0;32m  OK  [0m] Listening on LXD - unix socket.
[[0;32m  OK  [0m] Listening on Socket activation for snappy daemon.
[[0;32m  OK  [0m] Reached target Sockets.
[[0;32m  OK  [0m] Reached target Basic System.
cloud-init[773]: The key fingerprint is:
[   10.015667] cloud-init[773]: [[0;32m  OK  [0m] Started Deferred execution scheduler.
SHA256:5u4wSJWxnMI4jdb2XVFkoWtzvpxJtJF685vKg3nEVaw root@ubuntu-bionic
[   10.018592] cloud-init[773]: The key's randomart image is:
[   10.022005] cloud-init[773]: +---[DSA 1024]----+
[   10.032621] [[0;32m  OK  [0m] Started irqbalance daemon.
cloud-init[773]: |      .   .o=. . |
[   10.034241]          Starting LSB: automatic crash report generation...
         Starting Login Service...
[[0;32m  OK  [0m] Started D-Bus System Message Bus.
cloud-init[773]: |   * . =   +    o|
[   10.039698] cloud-init[773]: |  = * *   o    o |
[   10.043797] cloud-init[773]: | . o + . . . .E  |
[   10.044739] cloud-init[773]: |    . . S +.=.   |
[   10.045838] cloud-init[773]: |   . . o . *oo   |
[   10.047166] cloud-init[773]: |    . o . .+*    |
[   10.048915] cloud-init[773]: |       +  o=o* . |
[   10.051294] cloud-init[773]: |       .o  .Bo+. |
[   10.052666] cloud-init[773]: +----[SHA256]-----+
[   10.056253] cloud-init[773]: Generating public/private ecdsa key pair.
         Starting Permit User Sessions...
[   10.068423] cloud-init[773]: Your identification has been saved in /etc/ssh/ssh_host_ecdsa_key.
[   10.071700] cloud-init[773]: Your public key has been saved in /etc/ssh/ssh_host_ecdsa_key.pub.
[   10.084210] cloud-init[773]: The key fingerprint is:
[[0;32m  OK  [0m] Started Regular background program processing daemon.
[   10.096823] cloud-init[773]: SHA256:jdu52uNqDB3xILxs3S0PROgUSYk+minuVgOxaTMXl/Q root@ubuntu-bionic         Starting Dispatcher daemon for systemd-networkd...

         Starting Accounts Service...
[   10.136262]          Starting LSB: Record successful boot for GRUB...
cloud-init[773]: The key's randomart image is:
[   10.137922]          Starting System Logging Service...
[[0;32m  OK  [0m] Started FUSE filesystem for LXC.
         Starting Virtualbox guest utils...
         Starting LXD - container startup/shutdown...
cloud-init[773]: +---[ECDSA 256]---+
         Starting Snappy daemon...
[   10.144130] cloud-init[773]: |     o.+o*.      |
[   10.148707] cloud-init[773]: |  . . *.B .      |
[   10.149622] cloud-init[773]: |   + = *E* .     |
[   10.150475] cloud-init[773]: |  B . * +o= .    |
[   10.155666] cloud-init[773]: | . = = oS..+     |
[   10.156786] cloud-init         Starting Pollinate to seed the pseudo random number generator...
[773]: |  . * . .o ..    |
[[0;32m  OK  [0m] Started Permit User Sessions.
[   10.159047] cloud-init[773]: | . o . o. o      |
[   10.160587] cloud-init[773]: |  o     o...     |
[   10.161530] cloud-init[773]: | o.    .o++.     |
[   10.162606] [[0;32m  OK  [0m] Started Login Service.
[[0;32m  OK  [0m] Started Unattended Upgrades Shutdown.
         Starting Terminate Plymouth Boot Screen...
         Starting Hold until boot process finishes up...
[[0;32m  OK  [0m] Started Hold until boot process finishes up.
[[0;32m  OK  [0m] Started Serial Getty on ttyS0.
         Starting Set console scheme...
cloud-init[773]: +----[SHA256]-----+
[   10.179645] cloud-init[773]: Generating public/private ed25519 key pair.
[[0;32m  OK  [0m] Started System Logging Service.
[   10.184167] cloud-init[773]: Your identification has been saved in /etc/ssh/ssh_host_ed25519_key.
[   10.185924] [[0;32m  OK  [0m] Started Terminate Plymouth Boot Screen.
cloud-init[773]: Your public key has been saved in /etc/ssh/ssh_host_ed25519_key.pub.
[   10.190740] cloud-init[773]: The key fingerprint is:
[   10.192403] cloud-init[773]: SHA256:98QaI7JnAdOb2muxuBrQnW+AdrrLsUCe1hZ3YDzgcQQ root@ubuntu-bionic
[   10.204314] cloud-init[773]: The key's randomart image is:
[   10.205517] cloud-init[773]: +--[ED25519 256]--+
[   10.206461] cloud-init[773]: |    Eoo          |
[   10.207577] cloud-init[773]: |   . = .         |
[   10.211046] cloud-init[773]: |    . B .        |
[   10.213314] cloud-init[773]: |   . + * o .     |
[   10.216425] cloud-init[773]: |  o = B S + o    |
[   10.218129] cloud-init[773]: | o = = O.+ *     |
[   10.219965] cloud-init[773]: |  = * o.*o. .    |
[   10.221220] cloud-init[773]: | . + =.+o.       |
[   10.224897] cloud-init[773]: |    *o.o.        |
[   10.229044] cloud-init[773]: +----[SHA256]-----+
[[0;32m  OK  [0m] Started Set console scheme.
[[0;32m  OK  [0m] Created slice system-getty.slice.
[[0;32m  OK  [0m] Started Getty on tty1.
[[0;32m  OK  [0m] Reached target Login Prompts.
         Starting Authorization Manager...
[[0;32m  OK  [0m] Started LSB: automatic crash report generation.
[[0;32m  OK  [0m] Started LSB: Record successful boot for GRUB.
[[0;32m  OK  [0m] Started LXD - container startup/shutdown.
[[0;32m  OK  [0m] Started Authorization Manager.
[[0;32m  OK  [0m] Started Accounts Service.
[[0;32m  OK  [0m] Started Virtualbox guest utils.
[[0;32m  OK  [0m] Started Dispatcher daemon for systemd-networkd.
[[0;32m  OK  [0m] Started Snappy daemon.
         Starting Wait until snapd is fully seeded...
[[0;32m  OK  [0m] Started Pollinate to seed the pseudo random number generator.
         Starting OpenBSD Secure Shell server...
[[0;32m  OK  [0m] Started OpenBSD Secure Shell server.
[[0;32m  OK  [0m] Created slice User Slice of vagrant.
[[0;32m  OK  [0m] Started Wait until snapd is fully seeded.
         Starting User Manager for UID 1000...
[[0;32m  OK  [0m] Reached target Multi-User System.
[[0;32m  OK  [0m] Reached target Graphical Interface.
         Starting Update UTMP about System Runlevel Changes...
         Starting Apply the settings specified in cloud-config...
[[0;32m  OK  [0m] Started Session 1 of user vagrant.
[[0;32m  OK  [0m] Started Update UTMP about System Runlevel Changes.
[[0;32m  OK  [0m] Started User Manager for UID 1000.
[   12.615669] cloud-init[1272]: Cloud-init v. 19.2-36-g059d049c-0ubuntu2~18.04.1 running 'modules:config' at Sun, 10 Nov 2019 22:19:43 +0000. Up 12.27 seconds.
[[0;32m  OK  [0m] Started Apply the settings specified in cloud-config.
         Starting Execute cloud user/final scripts...
ci-info: no authorized ssh keys fingerprints found for user ubuntu.
<14>Nov 10 22:19:43 ec2: 
<14>Nov 10 22:19:43 ec2: #############################################################
<14>Nov 10 22:19:43 ec2: -----BEGIN SSH HOST KEY FINGERPRINTS-----
<14>Nov 10 22:19:43 ec2: 1024 SHA256:5u4wSJWxnMI4jdb2XVFkoWtzvpxJtJF685vKg3nEVaw root@ubuntu-bionic (DSA)
<14>Nov 10 22:19:43 ec2: 256 SHA256:jdu52uNqDB3xILxs3S0PROgUSYk+minuVgOxaTMXl/Q root@ubuntu-bionic (ECDSA)
<14>Nov 10 22:19:43 ec2: 256 SHA256:98QaI7JnAdOb2muxuBrQnW+AdrrLsUCe1hZ3YDzgcQQ root@ubuntu-bionic (ED25519)
<14>Nov 10 22:19:43 ec2: 2048 SHA256:XIXtxhdjdjyu3rkpiHfoJQelPnxZmzrG4scfwk7RjjM root@ubuntu-bionic (RSA)
<14>Nov 10 22:19:43 ec2: -----END SSH HOST KEY FINGERPRINTS-----
<14>Nov 10 22:19:43 ec2: #############################################################
-----BEGIN SSH HOST KEY KEYS-----
ecdsa-sha2-nistp256 AAAAE2VjZHNhLXNoYTItbmlzdHAyNTYAAAAIbmlzdHAyNTYAAABBBGc9DiHtzGKjxpP8RTbgiNJSfPnHMRqpW8IeTk5m7VIJ3ZtFg3SURe4SX5gmAF4qC+EzVL8nlqKGp8c6sJ4/BvQ= root@ubuntu-bionic
ssh-ed25519 AAAAC3NzaC1lZDI1NTE5AAAAILvEeQ16t+fpVVuITvoycGSuYlBR8+9/e++zazIsr6UB root@ubuntu-bionic
ssh-rsa AAAAB3NzaC1yc2EAAAADAQABAAABAQDYlEwW194KL3NNVBEckpED7fsAWbTPxd+wGXRd9ujGVs5ZGAuM2DjB5NW4beYmm15GWpU1P84WSCB+JvCDkHe5BaD1jZxW7jemXB9AxXhTaxiASvrPaVGHJciZ8+ar6APaHDc1cJLqplAjDf93y/ULyMVq0vUtwl3hKbF18Zu5Stx6Ewxa2LvlPDMrriUEZJT9izRCLR2ouV1CPrkKlTks+oZc4HC8mnGdOpbRMQorV0i/Zzd+l/Z2as3RXIu/WnzS9bpPLG7vTUzNJk2XTuZHo0/esDxNIPIzP3FMnQGOlIyU+omkf6JWZVQUsBKZtRtrZKVNZubi2Fm9ePaSEwJp root@ubuntu-bionic
-----END SSH HOST KEY KEYS-----
[   13.278293] cloud-init[1364]: Cloud-init v. 19.2-36-g059d049c-0ubuntu2~18.04.1 running 'modules:final' at Sun, 10 Nov 2019 22:19:43 +0000. Up 13.09 seconds.
[   13.289947] cloud-init[1364]: ci-info: no authorized ssh keys fingerprints found for user ubuntu.
[   13.291596] cloud-init[1364]: Cloud-init v. 19.2-36-g059d049c-0ubuntu2~18.04.1 finished at Sun, 10 Nov 2019 22:19:44 +0000. Datasource DataSourceNoCloud [seed=/dev/sdb][dsmode=net].  Up 13.26 seconds
[[0;32m  OK  [0m] Started Execute cloud user/final scripts.
[[0;32m  OK  [0m] Reached target Cloud-init target.

Ubuntu 18.04.3 LTS ubuntu-bionic ttyS0

ubuntu-bionic login: 